INFO:root:Verify the test login
INFO:root:Verify the test login
INFO:root:Verify the test login
INFO:root:Verify the test login
INFO:root:Verify the test login
INFO:root:Verify the test login
INFO:root:***Login Successful***
INFO:root:***Starting to add product to cart***
INFO:root:***Login Successful***
INFO:root:***Starting to add product to cart***
INFO:root:***Login Successful***
INFO:root:***Starting to add product to cart***
INFO:root:***Product page***
INFO:root:***Login Successful***
INFO:root:***Starting to add product to cart***
INFO:root:***Product page***
INFO:root:***Login Successful***
INFO:root:***Starting to add product to cart***
INFO:root:***Product page***
INFO:root:***Login Successful***
INFO:root:***Starting to add product to cart***
INFO:root:***Product page***
INFO:root:***Login Successful***
INFO:root:***Starting to add product to cart***
INFO:root:***Product page***
INFO:root:***Login Successful***
INFO:root:***Starting to add product to cart***
INFO:root:***Product page***
INFO:root:***Login Successful***
INFO:root:***Starting to add product to cart***
INFO:root:***Product page***
INFO:root:***Login Successful***
INFO:root:***Starting to add product to cart***
INFO:root:***Product page***
INFO:root:***Login Successful***
INFO:root:***Starting to add product to cart***
INFO:root:***Product page***
INFO:root:***Login Successful***
INFO:root:***Starting to add product to cart***
INFO:root:***Product page***
INFO:root:***Login Successful***
INFO:root:***Starting to add product to cart***
INFO:root:***Product page***
INFO:root:***Login Successful***
INFO:root:***Starting to add product to cart***
INFO:root:***Product page***
INFO:root:***Login Successful***
INFO:root:***Starting to add product to cart***
INFO:root:***Product page***
INFO:root:***Login Successful***
INFO:root:***Starting to add product to cart***
INFO:root:***Login Successful***
INFO:root:***Starting to add product to cart***
INFO:root:***Product page***
INFO:root:***Login Successful***
INFO:root:***Starting to add product to cart***
INFO:root:***Product page***
INFO:root:***Login Successful***
INFO:root:***Starting to add product to cart***
INFO:root:***Product page***
INFO:root:***Login Successful***
INFO:root:***Starting to add product to cart***
INFO:root:***Product page***
INFO:root:***Login Successful***
INFO:root:***Starting to add product to cart***
INFO:root:***Product page***
INFO:root:**View Page**
INFO:root:***Login Successful***
INFO:root:***Starting to add product to cart***
INFO:root:***Product page***
INFO:root:**View Page**
INFO:root:***Login Successful***
INFO:root:***Starting to add product to cart***
INFO:root:***Product page***
INFO:root:**View Page**
INFO:root:***Login Successful***
INFO:root:***Starting to add product to cart***
INFO:root:***Product page***
INFO:root:**View Page**
INFO:root:***Login Successful***
INFO:root:***Starting to add product to cart***
INFO:root:***Product page***
INFO:root:**View Page**
INFO:root:***Login Successful***
INFO:root:***Starting to add product to cart***
INFO:root:***Product page***
INFO:root:**View Page**
INFO:root:***Login Successful***
INFO:root:***Starting to add product to cart***
INFO:root:***Product page***
INFO:root:**View Page**
